WARNING: A terminally deprecated method in sun.misc.Unsafe has been called
WARNING: sun.misc.Unsafe::objectFieldOffset has been called by com.google.common.util.concurrent.AbstractFuture$UnsafeAtomicHelper (file:/usr/share/maven/lib/guava.jar)
WARNING: Please consider reporting this to the maintainers of class com.google.common.util.concurrent.AbstractFuture$UnsafeAtomicHelper
WARNING: sun.misc.Unsafe::objectFieldOffset will be removed in a future release
[[1;34mINFO[m] Scanning for projects...
[[1;34mINFO[m] 
[[1;34mINFO[m] [1m------------------------< [0;36mBOMBERMAN:BOMBERMAN[0;1m >-------------------------[m
[[1;34mINFO[m] [1mBuilding BOMBERMAN 1.0-SNAPSHOT[m
[[1;34mINFO[m] [1m--------------------------------[ jar ]---------------------------------[m
[[1;34mINFO[m] 
[[1;34mINFO[m] [1m--- [0;32mmaven-clean-plugin:2.5:clean[m [1m(default-clean)[m @ [36mBOMBERMAN[0;1m ---[m
[[1;34mINFO[m] Deleting /home/neoziboy/IdeaProjects/BOMBERMAN/target
[[1;34mINFO[m] 
[[1;34mINFO[m] [1m--- [0;32mmaven-resources-plugin:2.6:resources[m [1m(default-resources)[m @ [36mBOMBERMAN[0;1m ---[m
[[1;34mINFO[m] Using 'UTF-8' encoding to copy filtered resources.
[[1;34mINFO[m] Copying 58 resources
[[1;34mINFO[m] 
[[1;34mINFO[m] [1m--- [0;32mmaven-compiler-plugin:3.13.0:compile[m [1m(default-compile)[m @ [36mBOMBERMAN[0;1m ---[m
[[1;34mINFO[m] Recompiling the module because of [1mchanged source code[m.
[[1;34mINFO[m] Compiling 23 source files with javac [debug target 24 module-path] to target/classes
[[1;34mINFO[m] 
[[1;34mINFO[m] [1m--- [0;32mexec-maven-plugin:3.5.1:java[m [1m(default-cli)[m @ [36mBOMBERMAN[0;1m ---[m
juin 10, 2025 1:17:48 AM com.sun.javafx.application.PlatformImpl startup
WARNING: Unsupported JavaFX configuration: classes were loaded from 'unnamed module @3540447d'
WARNING: A restricted method in java.lang.System has been called
WARNING: java.lang.System::load has been called by com.sun.glass.utils.NativeLibLoader in an unnamed module (file:/home/neoziboy/.m2/repository/org/openjfx/javafx-graphics/17.0.6/javafx-graphics-17.0.6-linux.jar)
WARNING: Use --enable-native-access=ALL-UNNAMED to avoid a warning for callers in this module
WARNING: Restricted methods will be blocked in a future release unless native access is enabled

High Score chargé : 2390
Tentative de chargement : file:/home/neoziboy/IdeaProjects/BOMBERMAN/target/classes/music/intro.wav
Son chargé avec succès : intro depuis /music/intro.wav
Tentative de chargement : file:/home/neoziboy/IdeaProjects/BOMBERMAN/target/classes/music/Level_Start.wav
Son chargé avec succès : level_start depuis /music/Level_Start.wav
Tentative de chargement : file:/home/neoziboy/IdeaProjects/BOMBERMAN/target/classes/music/Theme_World_1.wav
Son chargé avec succès : theme_world_1 depuis /music/Theme_World_1.wav
Tentative de chargement : file:/home/neoziboy/IdeaProjects/BOMBERMAN/target/classes/music/Level_Clear.wav
Son chargé avec succès : level_clear depuis /music/Level_Clear.wav
Tentative de chargement effet sonore AudioClip : file:/home/neoziboy/IdeaProjects/BOMBERMAN/target/classes/music/Menu_Cursor.wav
Effet sonore AudioClip préchargé avec succès : menu_cursor depuis /music/Menu_Cursor.wav
Tentative de chargement effet sonore AudioClip : file:/home/neoziboy/IdeaProjects/BOMBERMAN/target/classes/music/Menu_Select.wav
Effet sonore AudioClip préchargé avec succès : menu_select depuis /music/Menu_Select.wav
Tentative de chargement effet sonore AudioClip : file:/home/neoziboy/IdeaProjects/BOMBERMAN/target/classes/music/Walking.wav
Effet sonore AudioClip préchargé avec succès : walking depuis /music/Walking.wav
Tentative de chargement effet sonore AudioClip : file:/home/neoziboy/IdeaProjects/BOMBERMAN/target/classes/music/Dies.wav
Effet sonore AudioClip préchargé avec succès : dies depuis /music/Dies.wav
Tentative de chargement effet sonore AudioClip : file:/home/neoziboy/IdeaProjects/BOMBERMAN/target/classes/music/Bomb_Place.wav
Effet sonore AudioClip préchargé avec succès : bomb_place depuis /music/Bomb_Place.wav
Tentative de chargement effet sonore AudioClip : file:/home/neoziboy/IdeaProjects/BOMBERMAN/target/classes/music/Bomb_Explodes.wav
Effet sonore AudioClip préchargé avec succès : bomb_explode depuis /music/Bomb_Explodes.wav
SoundManager initialisé - Chargement terminé (musique + effets menu/gameplay + musique niveau)
Image d'intro chargée : /images/intro.png
Image des contours personnalisés chargée : /sprites/contours_map_816x624.png
Image des blocs non destructibles chargée : /sprites/bloc_non_destructible_48x48.png
Image d'herbe classique chargée : /sprites/herbe_48x48.png
Image d'herbe avec ombre bloc non destructible chargée : /sprites/herbe_with_ombre_bloc_non_destructible_48x48.png
Image d'herbe avec ombre bloc destructible chargée : /sprites/herbe_with_ombre_bloc_destructible_48x48.png
Image sprite bombe 1 chargée : /sprites/bomb_1_48x48.png
Image sprite bombe 2 chargée : /sprites/bomb_2_48x48.png
Image sprite bombe 3 chargée : /sprites/bomb_3_48x48.png
Sprites Bomberman (fixes + animation) chargés avec succès :
- Fixe Haut: 15.0x22.0
- Fixe Bas: 15.0x24.0
- Marche Bas1: 15.0x24.0
- Marche Bas2: 15.0x24.0
Animation chargée pour toutes les directions (2 frames chacune)
GridRenderer initialisé
=== BOMBERMAN DÉMARRÉ ===
État initial : START_MENU
High Score : 2390
MediaPlayer prêt pour : intro
Durée : 20040.0 ms
MediaPlayer prêt pour : level_start
Durée : 3000.979167 ms
MediaPlayer prêt pour : theme_world_1
Durée : 162240.979167 ms
MediaPlayer prêt pour : level_clear
Durée : 3573.333334 ms
Lecture en boucle du son : intro
Musique d'intro lancée avec délai
Démarrage d'une nouvelle partie...
Arrêt du son : intro
Musique d'intro arrêtée

=== PARTIE 1 ===
=== NIVEAU 1 ===
Bloc solide aléatoire #1 ajouté à (13, 5)
Bloc solide aléatoire #2 ajouté à (1, 10)
Bloc solide aléatoire #3 ajouté à (8, 1)
Bloc solide aléatoire #4 ajouté à (4, 11)
Bloc solide aléatoire #5 ajouté à (13, 10)
Bloc solide aléatoire #6 ajouté à (1, 5)
Bloc solide aléatoire #7 ajouté à (3, 7)
Bloc solide aléatoire #8 ajouté à (8, 7)
Total de 8 blocs solides aléatoires ajoutés sur 8 demandés
Power-up EXTRA_BOMB caché à la position (3, 4)
Power-up SPEED_BURST caché à la position (7, 6)
Power-up RANGE_UP caché à la position (11, 8)
Power-up BOMB_RAIN caché à la position (6, 11)
Power-up EXTRA_BOMB caché à la position (7, 11)
Total de 5 power-ups cachés générés
Frame v1_1 chargée : /sprites/bloc_destructible_v1_1_48x48.png
Frame v1_2 chargée : /sprites/bloc_destructible_v1_2_48x48.png
Frame v1_3 chargée : /sprites/bloc_destructible_v1_3_48x48.png
Frame v1_4 chargée : /sprites/bloc_destructible_v1_4_48x48.png
Frame v2_1 chargée : /sprites/bloc_destructible_v2_1_48x48.png
Frame v2_2 chargée : /sprites/bloc_destructible_v2_2_48x48.png
Frame v2_3 chargée : /sprites/bloc_destructible_v2_3_48x48.png
Frame v2_4 chargée : /sprites/bloc_destructible_v2_4_48x48.png
Toutes les frames de blocs destructibles chargées avec succès
Bloc destructible animé créé à (5, 1) - Version: v2
Bloc destructible animé créé à (6, 1) - Version: v2
Bloc destructible animé créé à (9, 1) - Version: v2
Bloc destructible animé créé à (12, 1) - Version: v2
Bloc destructible animé créé à (13, 1) - Version: v2
Bloc destructible animé créé à (5, 2) - Version: v1
Bloc destructible animé créé à (7, 2) - Version: v1
Bloc destructible animé créé à (13, 2) - Version: v1
Bloc destructible animé créé à (2, 3) - Version: v2
Bloc destructible animé créé à (9, 3) - Version: v1
Bloc destructible animé créé à (12, 3) - Version: v2
Bloc destructible animé créé à (3, 4) - Version: v1
Bloc destructible animé créé à (5, 5) - Version: v1
Bloc destructible animé créé à (6, 5) - Version: v2
Bloc destructible animé créé à (7, 5) - Version: v1
Bloc destructible animé créé à (8, 5) - Version: v2
Bloc destructible animé créé à (10, 5) - Version: v2
Bloc destructible animé créé à (12, 5) - Version: v2
Bloc destructible animé créé à (7, 6) - Version: v1
Bloc destructible animé créé à (11, 6) - Version: v1
Bloc destructible animé créé à (2, 7) - Version: v2
Bloc destructible animé créé à (13, 7) - Version: v1
Bloc destructible animé créé à (3, 8) - Version: v2
Bloc destructible animé créé à (11, 8) - Version: v1
Bloc destructible animé créé à (13, 8) - Version: v1
Bloc destructible animé créé à (1, 9) - Version: v1
Bloc destructible animé créé à (5, 9) - Version: v1
Bloc destructible animé créé à (12, 9) - Version: v2
Bloc destructible animé créé à (7, 10) - Version: v1
Bloc destructible animé créé à (5, 11) - Version: v1
Bloc destructible animé créé à (6, 11) - Version: v2
Bloc destructible animé créé à (7, 11) - Version: v1
Bloc destructible animé créé à (12, 11) - Version: v2
Initialisation des blocs destructibles animés terminée
GridRenderer initialisé
Position sécurisée : (72,0, 72,0)
Enemy 1 created at position (11, 11)
Enemy 2 created at position (11, 2)
Enemy 3 created at position (5, 8)
Created 3 enemies out of 3 requested for level 1
Porte de sortie cachée en position (5, 9)
⏱️ Timer global démarré - 2min30s avant perte de vie automatique
Niveau 1 initialisé avec musique de démarrage !
Nombre d'ennemis : 3
Nouvelle partie initialisée !
Score initial : 0
Lecture unique du son : level_start
Délai d'attente terminé - Lancement de Level_Start.wav
Fin de lecture pour : level_start - Exécution du callback
Respawn du joueur à (1, 1) | Invincibilité (10s)
Position sécurisée : (72,0, 72,0)
Arrêt du son : intro
Arrêt du son : level_start
Arrêt du son : theme_world_1
Toutes les musiques arrêtées
Lecture en boucle du son : theme_world_1
Musique de niveau 1 démarrée : theme_world_1
Musique de démarrage terminée - Niveau 1 démarré avec musique de fond !
Bombe posée à (3, 1) - Total: 1/1
Bombe à (3, 1) devient solide - Hitbox du joueur a quitté la case.
Bombe joueur explosée - Bombes restantes: 0/1
Explosion terminée
Ressources MediaPlayer libérées pour : intro
Ressources MediaPlayer libérées pour : level_start
Ressources MediaPlayer libérées pour : level_clear
Ressources MediaPlayer libérées pour : theme_world_1
Ressources AudioClip et pools nettoyées
Toutes les ressources audio nettoyées
Application fermée - Ressources libérées
[[1;33mWARNING[m] thread Thread[#361,Media Resource Disposer,5,bomberman.bomberman.Launcher] was interrupted but is still alive after waiting at least 14999msecs
[[1;33mWARNING[m] thread Thread[#361,Media Resource Disposer,5,bomberman.bomberman.Launcher] will linger despite being asked to die via interruption
[[1;33mWARNING[m] thread Thread[#362,Thread-161,5,bomberman.bomberman.Launcher] will linger despite being asked to die via interruption
[[1;33mWARNING[m] NOTE: 2 thread(s) did not finish despite being asked to via interruption. This is not a problem with exec:java, it is a problem with the running code. Although not serious, it should be remedied.
[[1;34mINFO[m] [1m------------------------------------------------------------------------[m
[[1;34mINFO[m] [1;32mBUILD SUCCESS[m
[[1;34mINFO[m] [1m------------------------------------------------------------------------[m
[[1;34mINFO[m] Total time:  31.575 s
[[1;34mINFO[m] Finished at: 2025-06-10T01:18:18+02:00
[[1;34mINFO[m] [1m------------------------------------------------------------------------[m
